2020-04-20 12:29:12,644 | INFO | __main__ | ########### ALL ##########
2020-04-20 12:29:12,653 | INFO | __main__ | Lendo base ALL
2020-04-20 12:30:34,676 | INFO | __main__ | Retirando colunas com nulos acima de 74.61 %
2020-04-20 12:30:39,009 | INFO | __main__ | Nulos das linhas retiradas
2020-04-20 12:32:03,659 | INFO | __main__ | Utilizando encoder CatBooster: 81.98 s
2020-04-20 12:32:04,415 | INFO | __main__ | Utilizando Oversampling
2020-04-20 12:32:05,380 | INFO | __main__ | Dividindo base em treino e teste
2020-04-20 12:32:07,364 | INFO | __main__ | Shape da base: (613497, 58)
2020-04-20 12:32:12,391 | INFO | __main__ | Treinamento 1 | AUCROC: 96.59 % | Tempo: 1.33 s
2020-04-20 12:32:18,558 | INFO | __main__ | Treinamento 2 | AUCROC: 97.1 % | Tempo: 1.57 s
2020-04-20 12:32:27,199 | INFO | __main__ | Treinamento 3 | AUCROC: 97.09 % | Tempo: 2.27 s
2020-04-20 12:32:33,848 | INFO | __main__ | Treinamento 4 | AUCROC: 97.1 % | Tempo: 1.72 s
2020-04-20 12:32:42,253 | INFO | __main__ | Treinamento 5 | AUCROC: 97.09 % | Tempo: 2.21 s
2020-04-20 12:32:42,351 | INFO | __main__ | Tempo de treinamento total: 3.49 min
2020-04-20 12:32:42,353 | INFO | __main__ | Lendo base ALL
2020-04-20 12:33:57,721 | INFO | __main__ | Retirando colunas com nulos acima de 78.26 %
2020-04-20 12:34:02,141 | INFO | __main__ | Nulos das linhas retiradas
2020-04-20 12:34:04,682 | INFO | __main__ | Lendo base ALL
2020-04-20 12:35:19,937 | INFO | __main__ | Retirando colunas com nulos acima de 39.28 %
2020-04-20 12:35:23,837 | INFO | __main__ | Nulos das linhas retiradas
2020-04-20 12:35:26,619 | INFO | __main__ | Selecionando apenas com classificacao TNM
2020-04-20 12:43:34,170 | INFO | __main__ | Utilizando encoder CatBooster: 486.98 s
2020-04-20 12:43:38,578 | INFO | __main__ | Utilizando Oversampling
2020-04-20 12:43:43,506 | INFO | __main__ | Dividindo base em treino e teste
2020-04-20 12:43:51,910 | INFO | __main__ | Shape da base: (3164631, 43)
2020-04-20 12:44:19,513 | INFO | __main__ | Treinamento 1 | AUCROC: 90.54 % | Tempo: 4.68 s
2020-04-20 12:44:45,603 | INFO | __main__ | Treinamento 2 | AUCROC: 90.49 % | Tempo: 4.62 s
2020-04-20 12:45:14,419 | INFO | __main__ | Treinamento 3 | AUCROC: 90.55 % | Tempo: 4.95 s
2020-04-20 12:45:41,218 | INFO | __main__ | Treinamento 4 | AUCROC: 90.71 % | Tempo: 4.66 s
2020-04-20 12:46:09,028 | INFO | __main__ | Treinamento 5 | AUCROC: 90.47 % | Tempo: 4.9 s
2020-04-20 12:46:09,123 | INFO | __main__ | Tempo de treinamento total: 12.07 min
2020-04-20 12:46:09,128 | INFO | __main__ | Lendo base ALL
2020-04-20 12:47:24,892 | INFO | __main__ | Retirando colunas com nulos acima de 77.0 %
2020-04-20 12:47:29,338 | INFO | __main__ | Nulos das linhas retiradas
2020-04-20 12:47:31,965 | INFO | __main__ | Selecionando apenas com classificacao TNM
2020-04-20 12:48:21,223 | INFO | __main__ | Utilizando encoder CatBooster: 49.21 s
2020-04-20 12:48:21,669 | INFO | __main__ | Utilizando Oversampling
2020-04-20 12:48:22,170 | INFO | __main__ | Dividindo base em treino e teste
2020-04-20 12:48:23,263 | INFO | __main__ | Shape da base: (337702, 60)
2020-04-20 12:48:24,575 | INFO | __main__ | Treinamento 1 | AUCROC: 61.46 % | Tempo: 0.31 s
2020-04-20 12:48:31,256 | INFO | __main__ | Treinamento 2 | AUCROC: 96.14 % | Tempo: 2.41 s
2020-04-20 12:48:32,523 | INFO | __main__ | Treinamento 3 | AUCROC: 61.39 % | Tempo: 0.31 s
2020-04-20 12:48:33,785 | INFO | __main__ | Treinamento 4 | AUCROC: 61.63 % | Tempo: 0.3 s
2020-04-20 12:48:39,958 | INFO | __main__ | Treinamento 5 | AUCROC: 95.89 % | Tempo: 2.19 s
2020-04-20 12:48:40,062 | INFO | __main__ | Tempo de treinamento total: 2.52 min
2020-04-20 12:48:40,064 | INFO | __main__ | Lendo base ALL
2020-04-20 12:49:55,858 | INFO | __main__ | Retirando colunas com nulos acima de 54.68 %
2020-04-20 12:49:59,947 | INFO | __main__ | Nulos das linhas retiradas
2020-04-20 12:50:02,556 | INFO | __main__ | Selecionando apenas com classificacao TNM
2020-04-20 12:53:33,314 | INFO | __main__ | Utilizando encoder CatBooster: 210.55 s
2020-04-20 12:53:35,158 | INFO | __main__ | Utilizando Oversampling
2020-04-20 12:53:37,215 | INFO | __main__ | Dividindo base em treino e teste
2020-04-20 12:53:41,242 | INFO | __main__ | Shape da base: (1391438, 48)
2020-04-20 12:53:56,618 | INFO | __main__ | Treinamento 1 | AUCROC: 91.08 % | Tempo: 2.65 s
2020-04-20 12:54:14,341 | INFO | __main__ | Treinamento 2 | AUCROC: 90.99 % | Tempo: 3.07 s
2020-04-20 12:54:32,686 | INFO | __main__ | Treinamento 3 | AUCROC: 91.16 % | Tempo: 3.22 s
2020-04-20 12:54:47,950 | INFO | __main__ | Treinamento 4 | AUCROC: 91.14 % | Tempo: 2.7 s
2020-04-20 12:55:06,493 | INFO | __main__ | Treinamento 5 | AUCROC: 91.17 % | Tempo: 3.29 s
2020-04-20 12:55:06,590 | INFO | __main__ | Tempo de treinamento total: 6.44 min
2020-04-20 12:55:06,592 | INFO | __main__ | Lendo base ALL
2020-04-20 12:56:22,921 | INFO | __main__ | Retirando colunas com nulos acima de 25.16 %
2020-04-20 12:56:26,785 | INFO | __main__ | Nulos das linhas retiradas
2020-04-20 13:06:58,724 | INFO | __main__ | Utilizando encoder CatBooster: 629.14 s
2020-04-20 13:07:04,167 | INFO | __main__ | Utilizando Oversampling
2020-04-20 13:07:10,746 | INFO | __main__ | Dividindo base em treino e teste
2020-04-20 13:07:22,224 | INFO | __main__ | Shape da base: (4329372, 41)
2020-04-20 13:07:34,108 | INFO | __main__ | Treinamento 1 | AUCROC: 73.68 % | Tempo: 1.58 s
2020-04-20 13:07:46,099 | INFO | __main__ | Treinamento 2 | AUCROC: 84.68 % | Tempo: 1.72 s
2020-04-20 13:07:57,375 | INFO | __main__ | Treinamento 3 | AUCROC: 79.38 % | Tempo: 1.57 s
2020-04-20 13:08:08,288 | INFO | __main__ | Treinamento 4 | AUCROC: 74.61 % | Tempo: 1.53 s
2020-04-20 13:08:20,211 | INFO | __main__ | Treinamento 5 | AUCROC: 84.11 % | Tempo: 1.69 s
2020-04-20 13:08:20,309 | INFO | __main__ | Tempo de treinamento total: 13.23 min
2020-04-20 13:08:20,321 | INFO | __main__ | Lendo base ALL
2020-04-20 13:09:36,081 | INFO | __main__ | Retirando colunas com nulos acima de 47.4 %
2020-04-20 13:09:40,076 | INFO | __main__ | Nulos das linhas retiradas
2020-04-20 13:13:08,388 | INFO | __main__ | Utilizando encoder CatBooster: 205.78 s
2020-04-20 13:13:10,206 | INFO | __main__ | Utilizando Oversampling
2020-04-20 13:13:12,474 | INFO | __main__ | Dividindo base em treino e teste
2020-04-20 13:13:16,489 | INFO | __main__ | Shape da base: (1408772, 46)
2020-04-20 13:13:32,888 | INFO | __main__ | Treinamento 1 | AUCROC: 93.63 % | Tempo: 3.15 s
2020-04-20 13:13:50,522 | INFO | __main__ | Treinamento 2 | AUCROC: 93.62 % | Tempo: 3.42 s
2020-04-20 13:14:07,643 | INFO | __main__ | Treinamento 3 | AUCROC: 93.6 % | Tempo: 3.37 s
2020-04-20 13:14:23,341 | INFO | __main__ | Treinamento 4 | AUCROC: 93.59 % | Tempo: 3.11 s
2020-04-20 13:14:37,226 | INFO | __main__ | Treinamento 5 | AUCROC: 93.63 % | Tempo: 2.73 s
2020-04-20 13:14:37,320 | INFO | __main__ | Tempo de treinamento total: 6.28 min
2020-04-20 13:14:37,322 | INFO | __main__ | Lendo base ALL
2020-04-20 13:15:53,273 | INFO | __main__ | Retirando colunas com nulos acima de 66.11 %
2020-04-20 13:15:56,961 | INFO | __main__ | Nulos das linhas retiradas
2020-04-20 13:15:59,639 | INFO | __main__ | Selecionando apenas com classificacao TNM
2020-04-20 13:18:20,894 | INFO | __main__ | Utilizando encoder CatBooster: 141.12 s
2020-04-20 13:18:22,151 | INFO | __main__ | Utilizando Oversampling
2020-04-20 13:18:23,455 | INFO | __main__ | Dividindo base em treino e teste
2020-04-20 13:18:26,393 | INFO | __main__ | Shape da base: (951889, 53)
2020-04-20 13:18:32,013 | INFO | __main__ | Treinamento 1 | AUCROC: 95.55 % | Tempo: 1.78 s
2020-04-20 13:18:36,687 | INFO | __main__ | Treinamento 2 | AUCROC: 95.59 % | Tempo: 1.48 s
2020-04-20 13:18:41,537 | INFO | __main__ | Treinamento 3 | AUCROC: 95.6 % | Tempo: 1.57 s
2020-04-20 13:18:46,918 | INFO | __main__ | Treinamento 4 | AUCROC: 95.58 % | Tempo: 1.77 s
2020-04-20 13:18:51,944 | INFO | __main__ | Treinamento 5 | AUCROC: 95.58 % | Tempo: 1.64 s
2020-04-20 13:18:52,039 | INFO | __main__ | Tempo de treinamento total: 4.25 min
2020-04-20 13:18:52,041 | INFO | __main__ | Lendo base ALL
2020-04-20 13:20:08,123 | INFO | __main__ | Retirando colunas com nulos acima de 77.32 %
2020-04-20 13:20:12,582 | INFO | __main__ | Nulos das linhas retiradas
2020-04-20 13:20:15,239 | INFO | __main__ | Selecionando apenas com classificacao TNM
2020-04-20 13:21:04,402 | INFO | __main__ | Utilizando encoder CatBooster: 49.11 s
2020-04-20 13:21:04,864 | INFO | __main__ | Utilizando Oversampling
2020-04-20 13:21:05,390 | INFO | __main__ | Dividindo base em treino e teste
2020-04-20 13:21:06,507 | INFO | __main__ | Shape da base: (337702, 60)
2020-04-20 13:21:08,846 | INFO | __main__ | Treinamento 1 | AUCROC: 96.93 % | Tempo: 0.81 s
2020-04-20 13:21:18,618 | INFO | __main__ | Treinamento 2 | AUCROC: 96.97 % | Tempo: 3.79 s
2020-04-20 13:21:20,832 | INFO | __main__ | Treinamento 3 | AUCROC: 96.92 % | Tempo: 0.8 s
2020-04-20 13:21:25,129 | INFO | __main__ | Treinamento 4 | AUCROC: 96.91 % | Tempo: 1.6 s
2020-04-20 13:21:29,663 | INFO | __main__ | Treinamento 5 | AUCROC: 96.88 % | Tempo: 1.69 s
2020-04-20 13:21:29,763 | INFO | __main__ | Tempo de treinamento total: 2.63 min
2020-04-20 13:21:29,764 | INFO | __main__ | Lendo base ALL
2020-04-20 13:22:45,821 | INFO | __main__ | Retirando colunas com nulos acima de 51.06 %
2020-04-20 13:22:49,935 | INFO | __main__ | Nulos das linhas retiradas
2020-04-20 13:22:52,527 | INFO | __main__ | Selecionando apenas com classificacao TNM
2020-04-20 13:26:22,694 | INFO | __main__ | Utilizando encoder CatBooster: 209.95 s
2020-04-20 13:26:24,542 | INFO | __main__ | Utilizando Oversampling
2020-04-20 13:26:26,282 | INFO | __main__ | Dividindo base em treino e teste
2020-04-20 13:26:30,235 | INFO | __main__ | Shape da base: (1391438, 48)
2020-04-20 13:26:56,925 | INFO | __main__ | Treinamento 1 | AUCROC: 91.86 % | Tempo: 4.83 s
2020-04-20 13:27:23,835 | INFO | __main__ | Treinamento 2 | AUCROC: 91.87 % | Tempo: 4.92 s
2020-04-20 13:27:45,181 | INFO | __main__ | Treinamento 3 | AUCROC: 91.84 % | Tempo: 3.9 s
2020-04-20 13:28:16,310 | INFO | __main__ | Treinamento 4 | AUCROC: 91.88 % | Tempo: 5.79 s
2020-04-20 13:28:39,909 | INFO | __main__ | Treinamento 5 | AUCROC: 91.86 % | Tempo: 4.34 s
2020-04-20 13:28:40,005 | INFO | __main__ | Tempo de treinamento total: 7.17 min
2020-04-20 13:28:40,007 | INFO | __main__ | Lendo base ALL
2020-04-20 13:29:55,805 | INFO | __main__ | Retirando colunas com nulos acima de 59.92 %
2020-04-20 13:29:59,996 | INFO | __main__ | Nulos das linhas retiradas
2020-04-20 13:32:55,627 | INFO | __main__ | Utilizando encoder CatBooster: 172.97 s
2020-04-20 13:32:57,213 | INFO | __main__ | Utilizando Oversampling
2020-04-20 13:32:59,182 | INFO | __main__ | Dividindo base em treino e teste
2020-04-20 13:33:02,725 | INFO | __main__ | Shape da base: (1188070, 52)
2020-04-20 13:33:06,581 | INFO | __main__ | Treinamento 1 | AUCROC: 91.94 % | Tempo: 0.63 s
2020-04-20 13:33:10,185 | INFO | __main__ | Treinamento 2 | AUCROC: 91.84 % | Tempo: 0.6 s
2020-04-20 13:33:13,846 | INFO | __main__ | Treinamento 3 | AUCROC: 92.03 % | Tempo: 0.64 s
2020-04-20 13:33:17,464 | INFO | __main__ | Treinamento 4 | AUCROC: 91.87 % | Tempo: 0.64 s
2020-04-20 13:33:21,081 | INFO | __main__ | Treinamento 5 | AUCROC: 92.01 % | Tempo: 0.63 s
2020-04-20 13:33:21,177 | INFO | __main__ | Tempo de treinamento total: 4.69 min
2020-04-20 13:33:21,179 | INFO | __main__ | Lendo base ALL
2020-04-20 13:34:37,448 | INFO | __main__ | Retirando colunas com nulos acima de 37.31 %
2020-04-20 13:34:41,411 | INFO | __main__ | Nulos das linhas retiradas
2020-04-20 13:34:44,242 | INFO | __main__ | Selecionando apenas com classificacao TNM
2020-04-20 13:42:59,131 | INFO | __main__ | Utilizando encoder CatBooster: 494.32 s
2020-04-20 13:43:03,560 | INFO | __main__ | Utilizando Oversampling
2020-04-20 13:43:08,411 | INFO | __main__ | Dividindo base em treino e teste
2020-04-20 13:43:16,948 | INFO | __main__ | Shape da base: (3164631, 43)
2020-04-20 13:44:59,711 | INFO | __main__ | Treinamento 1 | AUCROC: 90.2 % | Tempo: 14.03 s
2020-04-20 13:48:08,211 | INFO | __main__ | Treinamento 2 | AUCROC: 90.27 % | Tempo: 30.1 s
2020-04-20 13:50:24,887 | INFO | __main__ | Treinamento 3 | AUCROC: 90.24 % | Tempo: 23.94 s
2020-04-20 13:53:50,917 | INFO | __main__ | Treinamento 4 | AUCROC: 90.28 % | Tempo: 32.05 s
2020-04-20 13:55:39,202 | INFO | __main__ | Treinamento 5 | AUCROC: 90.21 % | Tempo: 19.22 s
2020-04-20 13:55:39,300 | INFO | __main__ | Tempo de treinamento total: 22.3 min
2020-04-20 13:55:39,307 | INFO | __main__ | Lendo base ALL
2020-04-20 13:57:02,932 | INFO | __main__ | Retirando colunas com nulos acima de 51.71 %
2020-04-20 13:57:06,537 | INFO | __main__ | Nulos das linhas retiradas
2020-04-20 13:57:09,126 | INFO | __main__ | Selecionando apenas com classificacao TNM
2020-04-20 14:00:55,083 | INFO | __main__ | Utilizando encoder CatBooster: 225.73 s
2020-04-20 14:00:56,952 | INFO | __main__ | Utilizando Oversampling
2020-04-20 14:00:58,707 | INFO | __main__ | Dividindo base em treino e teste
2020-04-20 14:01:02,712 | INFO | __main__ | Shape da base: (1391438, 48)
2020-04-20 14:01:41,333 | INFO | __main__ | Treinamento 1 | AUCROC: 93.02 % | Tempo: 7.66 s
2020-04-20 14:02:13,758 | INFO | __main__ | Treinamento 2 | AUCROC: 93.02 % | Tempo: 6.68 s
2020-04-20 14:02:40,300 | INFO | __main__ | Treinamento 3 | AUCROC: 93.01 % | Tempo: 5.49 s
2020-04-20 14:03:27,754 | INFO | __main__ | Treinamento 4 | AUCROC: 93.01 % | Tempo: 9.18 s
2020-04-20 14:04:04,083 | INFO | __main__ | Treinamento 5 | AUCROC: 93.01 % | Tempo: 7.42 s
2020-04-20 14:04:04,178 | INFO | __main__ | Tempo de treinamento total: 8.41 min
2020-04-20 14:04:04,180 | INFO | __main__ | Lendo base ALL
2020-04-20 14:05:20,683 | INFO | __main__ | Retirando colunas com nulos acima de 23.43 %
2020-04-20 14:05:24,638 | INFO | __main__ | Nulos das linhas retiradas
2020-04-20 14:16:05,110 | INFO | __main__ | Utilizando encoder CatBooster: 637.62 s
2020-04-20 14:16:10,630 | INFO | __main__ | Utilizando Oversampling
2020-04-20 14:16:17,323 | INFO | __main__ | Dividindo base em treino e teste
2020-04-20 14:16:28,836 | INFO | __main__ | Shape da base: (4329372, 41)
2020-04-20 14:17:18,493 | INFO | __main__ | Treinamento 1 | AUCROC: 87.25 % | Tempo: 6.44 s
2020-04-20 14:17:54,227 | INFO | __main__ | Treinamento 2 | AUCROC: 87.27 % | Tempo: 4.92 s
2020-04-20 14:18:43,817 | INFO | __main__ | Treinamento 3 | AUCROC: 87.19 % | Tempo: 6.58 s
2020-04-20 14:19:32,371 | INFO | __main__ | Treinamento 4 | AUCROC: 87.32 % | Tempo: 6.45 s
2020-04-20 14:20:19,989 | INFO | __main__ | Treinamento 5 | AUCROC: 87.23 % | Tempo: 6.31 s
2020-04-20 14:20:20,084 | INFO | __main__ | Tempo de treinamento total: 16.27 min
2020-04-20 14:20:20,097 | INFO | __main__ | Lendo base ALL
2020-04-20 14:21:36,048 | INFO | __main__ | Retirando colunas com nulos acima de 35.34 %
2020-04-20 14:21:40,008 | INFO | __main__ | Nulos das linhas retiradas
2020-04-20 14:21:42,844 | INFO | __main__ | Selecionando apenas com classificacao TNM
2020-04-20 14:29:59,111 | INFO | __main__ | Utilizando encoder CatBooster: 495.7 s
2020-04-20 14:30:03,518 | INFO | __main__ | Utilizando Oversampling
2020-04-20 14:30:08,379 | INFO | __main__ | Dividindo base em treino e teste
2020-04-20 14:30:16,910 | INFO | __main__ | Shape da base: (3164631, 43)
2020-04-20 14:31:26,959 | INFO | __main__ | Treinamento 1 | AUCROC: 91.7 % | Tempo: 10.85 s
2020-04-20 14:32:27,331 | INFO | __main__ | Treinamento 2 | AUCROC: 91.7 % | Tempo: 9.8 s
2020-04-20 14:33:23,480 | INFO | __main__ | Treinamento 3 | AUCROC: 91.69 % | Tempo: 9.16 s
2020-04-20 14:34:27,314 | INFO | __main__ | Treinamento 4 | AUCROC: 91.73 % | Tempo: 10.09 s
2020-04-20 14:35:27,415 | INFO | __main__ | Treinamento 5 | AUCROC: 91.7 % | Tempo: 9.68 s
2020-04-20 14:35:27,511 | INFO | __main__ | Tempo de treinamento total: 15.12 min
2020-04-20 14:35:27,517 | INFO | __main__ | Lendo base ALL
2020-04-20 14:36:43,330 | INFO | __main__ | Retirando colunas com nulos acima de 79.05 %
2020-04-20 14:36:47,773 | INFO | __main__ | Nulos das linhas retiradas
2020-04-20 14:36:50,336 | INFO | __main__ | Lendo base ALL
2020-04-20 14:38:06,640 | INFO | __main__ | Retirando colunas com nulos acima de 77.63 %
2020-04-20 14:38:11,108 | INFO | __main__ | Nulos das linhas retiradas
2020-04-20 14:39:03,360 | INFO | __main__ | Utilizando encoder CatBooster: 49.58 s
2020-04-20 14:39:03,804 | INFO | __main__ | Utilizando Oversampling
2020-04-20 14:39:04,303 | INFO | __main__ | Dividindo base em treino e teste
2020-04-20 14:39:05,430 | INFO | __main__ | Shape da base: (337898, 60)
2020-04-20 14:39:15,855 | INFO | __main__ | Treinamento 1 | AUCROC: 97.61 % | Tempo: 4.73 s
2020-04-20 14:39:29,098 | INFO | __main__ | Treinamento 2 | AUCROC: 97.7 % | Tempo: 5.83 s
2020-04-20 14:39:40,163 | INFO | __main__ | Treinamento 3 | AUCROC: 97.66 % | Tempo: 5.1 s
2020-04-20 14:39:55,193 | INFO | __main__ | Treinamento 4 | AUCROC: 97.67 % | Tempo: 6.43 s
2020-04-20 14:40:06,477 | INFO | __main__ | Treinamento 5 | AUCROC: 97.69 % | Tempo: 5.06 s
2020-04-20 14:40:06,575 | INFO | __main__ | Tempo de treinamento total: 3.27 min
2020-04-20 14:40:06,577 | INFO | __main__ | Lendo base ALL
2020-04-20 14:41:22,677 | INFO | __main__ | Retirando colunas com nulos acima de 15.22 %
2020-04-20 14:41:26,503 | INFO | __main__ | Nulos das linhas retiradas
2020-04-20 14:52:21,444 | INFO | __main__ | Utilizando encoder CatBooster: 652.21 s
2020-04-20 14:52:27,091 | INFO | __main__ | Utilizando Oversampling
2020-04-20 14:52:34,999 | INFO | __main__ | Dividindo base em treino e teste
2020-04-20 14:52:47,871 | INFO | __main__ | Shape da base: (5060979, 38)
2020-04-20 14:54:20,086 | INFO | __main__ | Treinamento 1 | AUCROC: 88.01 % | Tempo: 31.44 s
2020-04-20 14:55:56,160 | INFO | __main__ | Treinamento 2 | AUCROC: 87.86 % | Tempo: 33.65 s
2020-04-20 14:57:03,958 | INFO | __main__ | Treinamento 3 | AUCROC: 87.89 % | Tempo: 25.6 s
2020-04-20 14:58:37,503 | INFO | __main__ | Treinamento 4 | AUCROC: 87.92 % | Tempo: 33.0 s
2020-04-20 14:59:55,168 | INFO | __main__ | Treinamento 5 | AUCROC: 88.0 % | Tempo: 28.97 s
2020-04-20 14:59:55,265 | INFO | __main__ | Tempo de treinamento total: 19.81 min
2020-04-20 14:59:55,278 | INFO | __main__ | Lendo base ALL
2020-04-20 15:01:10,918 | INFO | __main__ | Retirando colunas com nulos acima de 52.72 %
2020-04-20 15:01:15,009 | INFO | __main__ | Nulos das linhas retiradas
2020-04-20 15:01:17,575 | INFO | __main__ | Selecionando apenas com classificacao TNM
2020-04-20 15:04:50,195 | INFO | __main__ | Utilizando encoder CatBooster: 212.42 s
2020-04-20 15:04:52,035 | INFO | __main__ | Utilizando Oversampling
2020-04-20 15:04:53,784 | INFO | __main__ | Dividindo base em treino e teste
2020-04-20 15:04:57,820 | INFO | __main__ | Shape da base: (1391438, 48)
2020-04-20 15:05:09,395 | INFO | __main__ | Treinamento 1 | AUCROC: 89.53 % | Tempo: 2.63 s
2020-04-20 15:05:18,060 | INFO | __main__ | Treinamento 2 | AUCROC: 89.74 % | Tempo: 2.01 s
2020-04-20 15:05:31,282 | INFO | __main__ | Treinamento 3 | AUCROC: 89.57 % | Tempo: 3.07 s
2020-04-20 15:05:42,479 | INFO | __main__ | Treinamento 4 | AUCROC: 89.57 % | Tempo: 2.61 s
2020-04-20 15:05:53,845 | INFO | __main__ | Treinamento 5 | AUCROC: 89.92 % | Tempo: 2.61 s
2020-04-20 15:05:53,939 | INFO | __main__ | Tempo de treinamento total: 5.98 min
2020-04-20 15:05:53,941 | INFO | __main__ | Lendo base ALL
2020-04-20 15:07:09,353 | INFO | __main__ | Retirando colunas com nulos acima de 26.23 %
2020-04-20 15:07:12,881 | INFO | __main__ | Nulos das linhas retiradas
2020-04-20 15:16:36,796 | INFO | __main__ | Utilizando encoder CatBooster: 561.11 s
2020-04-20 15:16:41,770 | INFO | __main__ | Utilizando Oversampling
2020-04-20 15:16:46,695 | INFO | __main__ | Dividindo base em treino e teste
2020-04-20 15:16:56,542 | INFO | __main__ | Shape da base: (3589522, 43)
2020-04-20 15:17:51,692 | INFO | __main__ | Treinamento 1 | AUCROC: 87.79 % | Tempo: 7.3 s
2020-04-20 15:18:43,223 | INFO | __main__ | Treinamento 2 | AUCROC: 87.84 % | Tempo: 6.83 s
2020-04-20 15:19:36,953 | INFO | __main__ | Treinamento 3 | AUCROC: 87.79 % | Tempo: 7.15 s
2020-04-20 15:20:27,191 | INFO | __main__ | Treinamento 4 | AUCROC: 87.74 % | Tempo: 6.79 s
2020-04-20 15:21:15,487 | INFO | __main__ | Treinamento 5 | AUCROC: 87.79 % | Tempo: 6.44 s
2020-04-20 15:21:15,581 | INFO | __main__ | Tempo de treinamento total: 15.36 min
2020-04-20 15:21:15,587 | INFO | __main__ | Lendo base ALL
2020-04-20 15:22:30,550 | INFO | __main__ | Retirando colunas com nulos acima de 24.81 %
2020-04-20 15:22:33,964 | INFO | __main__ | Nulos das linhas retiradas
2020-04-20 15:33:05,474 | INFO | __main__ | Utilizando encoder CatBooster: 628.73 s
2020-04-20 15:33:10,910 | INFO | __main__ | Utilizando Oversampling
2020-04-20 15:33:17,526 | INFO | __main__ | Dividindo base em treino e teste
2020-04-20 15:33:29,235 | INFO | __main__ | Shape da base: (4329372, 41)
2020-04-20 15:34:44,510 | INFO | __main__ | Treinamento 1 | AUCROC: 89.05 % | Tempo: 8.65 s
2020-04-20 15:35:47,982 | INFO | __main__ | Treinamento 2 | AUCROC: 89.05 % | Tempo: 7.4 s
2020-04-20 15:36:36,781 | INFO | __main__ | Treinamento 3 | AUCROC: 89.02 % | Tempo: 5.72 s
2020-04-20 15:37:09,233 | INFO | __main__ | Treinamento 4 | AUCROC: 88.83 % | Tempo: 3.88 s
2020-04-20 15:37:19,548 | INFO | __main__ | Treinamento 5 | AUCROC: 66.94 % | Tempo: 1.34 s
2020-04-20 15:37:19,641 | INFO | __main__ | Tempo de treinamento total: 16.07 min
2020-04-20 15:37:19,653 | INFO | __main__ | Lendo base ALL
2020-04-20 15:38:35,554 | INFO | __main__ | Retirando colunas com nulos acima de 74.96 %
2020-04-20 15:38:40,016 | INFO | __main__ | Nulos das linhas retiradas
2020-04-20 15:40:04,982 | INFO | __main__ | Utilizando encoder CatBooster: 82.29 s
2020-04-20 15:40:05,742 | INFO | __main__ | Utilizando Oversampling
2020-04-20 15:40:06,683 | INFO | __main__ | Dividindo base em treino e teste
2020-04-20 15:40:08,646 | INFO | __main__ | Shape da base: (613497, 58)
2020-04-20 15:40:25,162 | INFO | __main__ | Treinamento 1 | AUCROC: 96.61 % | Tempo: 4.33 s
2020-04-20 15:41:21,918 | INFO | __main__ | Treinamento 2 | AUCROC: 97.22 % | Tempo: 11.26 s
2020-04-20 15:41:53,499 | INFO | __main__ | Treinamento 3 | AUCROC: 97.09 % | Tempo: 7.9 s
2020-04-20 15:42:07,874 | INFO | __main__ | Treinamento 4 | AUCROC: 96.49 % | Tempo: 3.73 s
2020-04-20 15:42:39,525 | INFO | __main__ | Treinamento 5 | AUCROC: 97.09 % | Tempo: 7.88 s
2020-04-20 15:42:39,620 | INFO | __main__ | Tempo de treinamento total: 5.33 min
2020-04-20 15:42:39,622 | INFO | __main__ | Lendo base ALL
2020-04-20 15:43:55,526 | INFO | __main__ | Retirando colunas com nulos acima de 23.85 %
2020-04-20 15:43:59,062 | INFO | __main__ | Nulos das linhas retiradas
2020-04-20 15:54:30,159 | INFO | __main__ | Utilizando encoder CatBooster: 628.29 s
2020-04-20 15:54:35,562 | INFO | __main__ | Utilizando Oversampling
2020-04-20 15:54:42,096 | INFO | __main__ | Dividindo base em treino e teste
2020-04-20 15:54:53,496 | INFO | __main__ | Shape da base: (4329372, 41)
2020-04-20 15:56:07,348 | INFO | __main__ | Treinamento 1 | AUCROC: 88.59 % | Tempo: 8.54 s
2020-04-20 15:57:25,100 | INFO | __main__ | Treinamento 2 | AUCROC: 88.59 % | Tempo: 9.04 s
2020-04-20 15:58:43,286 | INFO | __main__ | Treinamento 3 | AUCROC: 88.6 % | Tempo: 9.12 s
2020-04-20 15:59:54,323 | INFO | __main__ | Treinamento 4 | AUCROC: 88.6 % | Tempo: 8.37 s
2020-04-20 16:00:59,421 | INFO | __main__ | Treinamento 5 | AUCROC: 88.59 % | Tempo: 7.75 s
2020-04-20 16:00:59,517 | INFO | __main__ | Tempo de treinamento total: 18.33 min
2020-04-20 16:00:59,529 | INFO | __main__ | Lendo base ALL
2020-04-20 16:02:14,538 | INFO | __main__ | Retirando colunas com nulos acima de 65.71 %
2020-04-20 16:02:18,767 | INFO | __main__ | Nulos das linhas retiradas
2020-04-20 16:02:21,395 | INFO | __main__ | Selecionando apenas com classificacao TNM
2020-04-20 16:04:40,932 | INFO | __main__ | Utilizando encoder CatBooster: 139.4 s
2020-04-20 16:04:42,174 | INFO | __main__ | Utilizando Oversampling
2020-04-20 16:04:43,333 | INFO | __main__ | Dividindo base em treino e teste
2020-04-20 16:04:46,099 | INFO | __main__ | Shape da base: (951889, 53)
2020-04-20 16:04:56,719 | INFO | __main__ | Treinamento 1 | AUCROC: 93.51 % | Tempo: 4.95 s
2020-04-20 16:05:08,561 | INFO | __main__ | Treinamento 2 | AUCROC: 93.54 % | Tempo: 5.69 s
2020-04-20 16:05:16,147 | INFO | __main__ | Treinamento 3 | AUCROC: 93.63 % | Tempo: 3.76 s
2020-04-20 16:05:23,395 | INFO | __main__ | Treinamento 4 | AUCROC: 93.63 % | Tempo: 3.54 s
2020-04-20 16:05:33,135 | INFO | __main__ | Treinamento 5 | AUCROC: 93.57 % | Tempo: 4.67 s
2020-04-20 16:05:33,229 | INFO | __main__ | Tempo de treinamento total: 4.56 min
2020-04-20 16:05:33,232 | INFO | __main__ | Lendo base ALL
2020-04-20 16:06:48,642 | INFO | __main__ | Retirando colunas com nulos acima de 48.33 %
2020-04-20 16:06:52,624 | INFO | __main__ | Nulos das linhas retiradas
2020-04-20 16:06:55,127 | INFO | __main__ | Selecionando apenas com classificacao TNM
2020-04-20 16:10:17,245 | INFO | __main__ | Utilizando encoder CatBooster: 201.92 s
2020-04-20 16:10:19,006 | INFO | __main__ | Utilizando Oversampling
2020-04-20 16:10:20,801 | INFO | __main__ | Dividindo base em treino e teste
2020-04-20 16:10:24,691 | INFO | __main__ | Shape da base: (1396186, 46)
2020-04-20 16:10:39,424 | INFO | __main__ | Treinamento 1 | AUCROC: 90.63 % | Tempo: 4.53 s
2020-04-20 16:10:51,840 | INFO | __main__ | Treinamento 2 | AUCROC: 90.65 % | Tempo: 4.04 s
2020-04-20 16:11:07,177 | INFO | __main__ | Treinamento 3 | AUCROC: 90.61 % | Tempo: 4.83 s
2020-04-20 16:11:25,011 | INFO | __main__ | Treinamento 4 | AUCROC: 90.61 % | Tempo: 5.67 s
2020-04-20 16:11:41,722 | INFO | __main__ | Treinamento 5 | AUCROC: 90.6 % | Tempo: 5.18 s
2020-04-20 16:11:41,817 | INFO | __main__ | Tempo de treinamento total: 6.14 min
2020-04-20 16:11:41,819 | INFO | __main__ | Lendo base ALL
2020-04-20 16:12:56,549 | INFO | __main__ | Retirando colunas com nulos acima de 13.31 %
2020-04-20 16:12:59,934 | INFO | __main__ | Nulos das linhas retiradas
2020-04-20 16:23:41,003 | INFO | __main__ | Utilizando encoder CatBooster: 638.43 s
2020-04-20 16:23:46,642 | INFO | __main__ | Utilizando Oversampling
2020-04-20 16:23:54,518 | INFO | __main__ | Dividindo base em treino e teste
2020-04-20 16:24:07,286 | INFO | __main__ | Shape da base: (5121689, 37)
2020-04-20 16:24:47,147 | INFO | __main__ | Treinamento 1 | AUCROC: 87.92 % | Tempo: 4.82 s
2020-04-20 16:25:30,569 | INFO | __main__ | Treinamento 2 | AUCROC: 87.88 % | Tempo: 5.3 s
2020-04-20 16:26:08,917 | INFO | __main__ | Treinamento 3 | AUCROC: 87.84 % | Tempo: 4.78 s
2020-04-20 16:26:48,664 | INFO | __main__ | Treinamento 4 | AUCROC: 87.9 % | Tempo: 4.92 s
2020-04-20 16:27:31,060 | INFO | __main__ | Treinamento 5 | AUCROC: 87.93 % | Tempo: 5.25 s
2020-04-20 16:27:31,157 | INFO | __main__ | Tempo de treinamento total: 15.82 min
2020-04-20 16:27:31,170 | INFO | __main__ | Lendo base ALL
2020-04-20 16:28:46,561 | INFO | __main__ | Retirando colunas com nulos acima de 43.78 %
2020-04-20 16:28:50,026 | INFO | __main__ | Nulos das linhas retiradas
2020-04-20 16:33:30,936 | INFO | __main__ | Utilizando encoder CatBooster: 278.36 s
2020-04-20 16:33:33,347 | INFO | __main__ | Utilizando Oversampling
2020-04-20 16:33:36,159 | INFO | __main__ | Dividindo base em treino e teste
2020-04-20 16:33:41,316 | INFO | __main__ | Shape da base: (1847665, 45)
2020-04-20 16:33:47,063 | INFO | __main__ | Treinamento 1 | AUCROC: 83.04 % | Tempo: 0.86 s
2020-04-20 16:33:52,325 | INFO | __main__ | Treinamento 2 | AUCROC: 83.35 % | Tempo: 0.82 s
2020-04-20 16:33:57,537 | INFO | __main__ | Treinamento 3 | AUCROC: 83.57 % | Tempo: 0.81 s
2020-04-20 16:34:02,943 | INFO | __main__ | Treinamento 4 | AUCROC: 82.71 % | Tempo: 0.84 s
2020-04-20 16:34:08,114 | INFO | __main__ | Treinamento 5 | AUCROC: 83.16 % | Tempo: 0.79 s
2020-04-20 16:34:08,210 | INFO | __main__ | Tempo de treinamento total: 6.62 min
2020-04-20 16:34:08,212 | INFO | __main__ | Lendo base ALL
2020-04-20 16:35:23,633 | INFO | __main__ | Retirando colunas com nulos acima de 79.1 %
2020-04-20 16:35:28,179 | INFO | __main__ | Nulos das linhas retiradas
2020-04-20 16:35:30,734 | INFO | __main__ | Lendo base ALL
2020-04-20 16:36:46,120 | INFO | __main__ | Retirando colunas com nulos acima de 76.73 %
2020-04-20 16:36:50,547 | INFO | __main__ | Nulos das linhas retiradas
2020-04-20 16:37:42,358 | INFO | __main__ | Utilizando encoder CatBooster: 49.16 s
2020-04-20 16:37:42,797 | INFO | __main__ | Utilizando Oversampling
2020-04-20 16:37:43,286 | INFO | __main__ | Dividindo base em treino e teste
2020-04-20 16:37:44,381 | INFO | __main__ | Shape da base: (337898, 60)
2020-04-20 16:38:30,535 | INFO | __main__ | Treinamento 1 | AUCROC: 97.4 % | Tempo: 14.21 s
2020-04-20 16:39:07,367 | INFO | __main__ | Treinamento 2 | AUCROC: 97.39 % | Tempo: 12.64 s
2020-04-20 16:39:51,161 | INFO | __main__ | Treinamento 3 | AUCROC: 97.47 % | Tempo: 13.94 s
2020-04-20 16:40:17,892 | INFO | __main__ | Treinamento 4 | AUCROC: 97.3 % | Tempo: 10.4 s
2020-04-20 16:40:58,155 | INFO | __main__ | Treinamento 5 | AUCROC: 97.43 % | Tempo: 12.99 s
2020-04-20 16:40:58,253 | INFO | __main__ | Tempo de treinamento total: 5.46 min
2020-04-20 16:40:58,255 | INFO | __main__ | Lendo base ALL
2020-04-20 16:42:13,541 | INFO | __main__ | Retirando colunas com nulos acima de 70.86 %
2020-04-20 16:42:17,881 | INFO | __main__ | Nulos das linhas retiradas
2020-04-20 16:42:20,585 | INFO | __main__ | Selecionando apenas com classificacao TNM
2020-04-20 16:44:08,073 | INFO | __main__ | Utilizando encoder CatBooster: 107.38 s
2020-04-20 16:44:09,040 | INFO | __main__ | Utilizando Oversampling
2020-04-20 16:44:10,441 | INFO | __main__ | Dividindo base em treino e teste
2020-04-20 16:44:12,947 | INFO | __main__ | Shape da base: (807658, 57)
2020-04-20 16:44:15,721 | INFO | __main__ | Treinamento 1 | AUCROC: 90.97 % | Tempo: 0.52 s
2020-04-20 16:44:18,135 | INFO | __main__ | Treinamento 2 | AUCROC: 50.0 % | Tempo: 0.42 s
2020-04-20 16:44:20,703 | INFO | __main__ | Treinamento 3 | AUCROC: 91.27 % | Tempo: 0.47 s
2020-04-20 16:44:23,305 | INFO | __main__ | Treinamento 4 | AUCROC: 90.78 % | Tempo: 0.49 s
2020-04-20 16:44:25,931 | INFO | __main__ | Treinamento 5 | AUCROC: 90.85 % | Tempo: 0.48 s
2020-04-20 16:44:26,031 | INFO | __main__ | Tempo de treinamento total: 3.46 min
2020-04-20 16:44:26,033 | INFO | __main__ | Lendo base ALL
2020-04-20 16:45:41,147 | INFO | __main__ | Retirando colunas com nulos acima de 27.76 %
2020-04-20 16:45:44,616 | INFO | __main__ | Nulos das linhas retiradas
2020-04-20 16:45:47,419 | INFO | __main__ | Selecionando apenas com classificacao TNM
2020-04-20 16:53:58,763 | INFO | __main__ | Utilizando encoder CatBooster: 490.78 s
2020-04-20 16:54:03,124 | INFO | __main__ | Utilizando Oversampling
2020-04-20 16:54:07,962 | INFO | __main__ | Dividindo base em treino e teste
2020-04-20 16:54:16,446 | INFO | __main__ | Shape da base: (3164631, 43)
2020-04-20 16:54:25,002 | INFO | __main__ | Treinamento 1 | AUCROC: 74.89 % | Tempo: 1.01 s
2020-04-20 16:54:33,106 | INFO | __main__ | Treinamento 2 | AUCROC: 67.75 % | Tempo: 1.03 s
2020-04-20 16:54:41,396 | INFO | __main__ | Treinamento 3 | AUCROC: 68.57 % | Tempo: 1.04 s
2020-04-20 16:54:49,424 | INFO | __main__ | Treinamento 4 | AUCROC: 66.11 % | Tempo: 1.16 s
2020-04-20 16:55:23,256 | INFO | __main__ | Treinamento 5 | AUCROC: 85.56 % | Tempo: 5.71 s
2020-04-20 16:55:23,350 | INFO | __main__ | Tempo de treinamento total: 10.96 min
2020-04-20 16:55:23,356 | INFO | __main__ | Lendo base ALL
2020-04-20 16:56:45,568 | INFO | __main__ | Retirando colunas com nulos acima de 65.67 %
2020-04-20 16:56:49,218 | INFO | __main__ | Nulos das linhas retiradas
2020-04-20 16:56:51,887 | INFO | __main__ | Selecionando apenas com classificacao TNM
2020-04-20 16:59:24,777 | INFO | __main__ | Utilizando encoder CatBooster: 152.75 s
2020-04-20 16:59:25,996 | INFO | __main__ | Utilizando Oversampling
2020-04-20 16:59:27,252 | INFO | __main__ | Dividindo base em treino e teste
2020-04-20 16:59:30,042 | INFO | __main__ | Shape da base: (951889, 53)
2020-04-20 16:59:35,327 | INFO | __main__ | Treinamento 1 | AUCROC: 94.17 % | Tempo: 2.29 s
2020-04-20 16:59:41,900 | INFO | __main__ | Treinamento 2 | AUCROC: 94.19 % | Tempo: 3.06 s
2020-04-20 16:59:49,102 | INFO | __main__ | Treinamento 3 | AUCROC: 94.19 % | Tempo: 3.48 s
2020-04-20 16:59:54,842 | INFO | __main__ | Treinamento 4 | AUCROC: 94.19 % | Tempo: 2.65 s
2020-04-20 17:00:01,378 | INFO | __main__ | Treinamento 5 | AUCROC: 94.18 % | Tempo: 3.1 s
2020-04-20 17:00:01,471 | INFO | __main__ | Tempo de treinamento total: 4.64 min
2020-04-20 17:00:01,473 | INFO | __main__ | Lendo base ALL
2020-04-20 17:01:23,593 | INFO | __main__ | Retirando colunas com nulos acima de 58.17 %
2020-04-20 17:01:27,723 | INFO | __main__ | Nulos das linhas retiradas
2020-04-20 17:01:30,296 | INFO | __main__ | Selecionando apenas com classificacao TNM
2020-04-20 17:05:17,965 | INFO | __main__ | Utilizando encoder CatBooster: 227.46 s
2020-04-20 17:05:19,781 | INFO | __main__ | Utilizando Oversampling
2020-04-20 17:05:21,841 | INFO | __main__ | Dividindo base em treino e teste
2020-04-20 17:05:25,794 | INFO | __main__ | Shape da base: (1367281, 49)
2020-04-20 17:06:02,603 | INFO | __main__ | Treinamento 1 | AUCROC: 92.1 % | Tempo: 22.38 s
2020-04-20 17:06:18,370 | INFO | __main__ | Treinamento 2 | AUCROC: 90.54 % | Tempo: 9.85 s
2020-04-20 17:06:53,253 | INFO | __main__ | Treinamento 3 | AUCROC: 92.11 % | Tempo: 21.87 s
2020-04-20 17:07:08,624 | INFO | __main__ | Treinamento 4 | AUCROC: 91.46 % | Tempo: 6.07 s
2020-04-20 17:07:21,246 | INFO | __main__ | Treinamento 5 | AUCROC: 90.37 % | Tempo: 3.86 s
2020-04-20 17:07:21,340 | INFO | __main__ | Tempo de treinamento total: 7.33 min
2020-04-20 17:07:21,342 | INFO | __main__ | Lendo base ALL
2020-04-20 17:08:37,998 | INFO | __main__ | Retirando colunas com nulos acima de 40.9 %
2020-04-20 17:08:41,482 | INFO | __main__ | Nulos das linhas retiradas
2020-04-20 17:15:43,774 | INFO | __main__ | Utilizando encoder CatBooster: 419.62 s
2020-04-20 17:15:47,553 | INFO | __main__ | Utilizando Oversampling
2020-04-20 17:15:51,247 | INFO | __main__ | Dividindo base em treino e teste
2020-04-20 17:15:58,147 | INFO | __main__ | Shape da base: (2546340, 44)
2020-04-20 17:16:08,142 | INFO | __main__ | Treinamento 1 | AUCROC: 87.71 % | Tempo: 2.64 s
2020-04-20 17:16:17,717 | INFO | __main__ | Treinamento 2 | AUCROC: 87.68 % | Tempo: 2.54 s
2020-04-20 17:16:28,165 | INFO | __main__ | Treinamento 3 | AUCROC: 87.51 % | Tempo: 2.94 s
2020-04-20 17:16:38,814 | INFO | __main__ | Treinamento 4 | AUCROC: 87.45 % | Tempo: 2.96 s
2020-04-20 17:16:48,510 | INFO | __main__ | Treinamento 5 | AUCROC: 87.48 % | Tempo: 2.7 s
2020-04-20 17:16:48,603 | INFO | __main__ | Tempo de treinamento total: 9.45 min
2020-04-20 17:16:48,605 | INFO | __main__ | Lendo base ALL
2020-04-20 17:18:05,712 | INFO | __main__ | Retirando colunas com nulos acima de 38.08 %
2020-04-20 17:18:09,640 | INFO | __main__ | Nulos das linhas retiradas
2020-04-20 17:27:35,278 | INFO | __main__ | Utilizando encoder CatBooster: 562.83 s
2020-04-20 17:27:40,249 | INFO | __main__ | Utilizando Oversampling
2020-04-20 17:27:45,098 | INFO | __main__ | Dividindo base em treino e teste
2020-04-20 17:27:55,070 | INFO | __main__ | Shape da base: (3589522, 43)
2020-04-20 17:28:09,732 | INFO | __main__ | Treinamento 1 | AUCROC: 88.2 % | Tempo: 1.95 s
2020-04-20 17:28:23,584 | INFO | __main__ | Treinamento 2 | AUCROC: 88.2 % | Tempo: 1.94 s
2020-04-20 17:28:37,260 | INFO | __main__ | Treinamento 3 | AUCROC: 88.2 % | Tempo: 1.9 s
2020-04-20 17:28:50,997 | INFO | __main__ | Treinamento 4 | AUCROC: 88.21 % | Tempo: 1.91 s
2020-04-20 17:29:04,896 | INFO | __main__ | Treinamento 5 | AUCROC: 88.2 % | Tempo: 1.94 s
2020-04-20 17:29:04,994 | INFO | __main__ | Tempo de treinamento total: 12.27 min
2020-04-20 17:29:05,001 | INFO | __main__ | Lendo base ALL
2020-04-20 17:30:22,329 | INFO | __main__ | Retirando colunas com nulos acima de 68.22 %
2020-04-20 17:30:26,012 | INFO | __main__ | Nulos das linhas retiradas
2020-04-20 17:32:49,327 | INFO | __main__ | Utilizando encoder CatBooster: 140.57 s
2020-04-20 17:32:50,570 | INFO | __main__ | Utilizando Oversampling
2020-04-20 17:32:51,837 | INFO | __main__ | Dividindo base em treino e teste
2020-04-20 17:32:54,623 | INFO | __main__ | Shape da base: (955161, 53)
2020-04-20 17:34:33,363 | INFO | __main__ | Treinamento 1 | AUCROC: 95.79 % | Tempo: 22.65 s
2020-04-20 17:36:13,497 | INFO | __main__ | Treinamento 2 | AUCROC: 95.83 % | Tempo: 22.44 s
2020-04-20 17:38:03,310 | INFO | __main__ | Treinamento 3 | AUCROC: 95.86 % | Tempo: 23.91 s
2020-04-20 17:39:54,519 | INFO | __main__ | Treinamento 4 | AUCROC: 95.85 % | Tempo: 24.1 s
2020-04-20 17:41:29,495 | INFO | __main__ | Treinamento 5 | AUCROC: 95.8 % | Tempo: 21.82 s
2020-04-20 17:41:29,591 | INFO | __main__ | Tempo de treinamento total: 12.41 min
2020-04-20 17:41:29,593 | INFO | __main__ | Lendo base ALL
2020-04-20 17:42:47,256 | INFO | __main__ | Retirando colunas com nulos acima de 44.0 %
2020-04-20 17:42:51,332 | INFO | __main__ | Nulos das linhas retiradas
2020-04-20 17:47:31,509 | INFO | __main__ | Utilizando encoder CatBooster: 277.59 s
2020-04-20 17:47:33,942 | INFO | __main__ | Utilizando Oversampling
2020-04-20 17:47:36,744 | INFO | __main__ | Dividindo base em treino e teste
2020-04-20 17:47:41,752 | INFO | __main__ | Shape da base: (1847665, 45)
2020-04-20 17:47:46,667 | INFO | __main__ | Treinamento 1 | AUCROC: 50.0 % | Tempo: 0.73 s
2020-04-20 17:47:51,237 | INFO | __main__ | Treinamento 2 | AUCROC: 50.0 % | Tempo: 0.67 s
2020-04-20 17:47:55,927 | INFO | __main__ | Treinamento 3 | AUCROC: 50.0 % | Tempo: 0.69 s
2020-04-20 17:48:00,547 | INFO | __main__ | Treinamento 4 | AUCROC: 50.0 % | Tempo: 0.63 s
2020-04-20 17:48:05,145 | INFO | __main__ | Treinamento 5 | AUCROC: 50.0 % | Tempo: 0.66 s
2020-04-20 17:48:05,240 | INFO | __main__ | Tempo de treinamento total: 6.59 min
2020-04-20 17:48:05,242 | INFO | __main__ | Lendo base ALL
2020-04-20 17:49:22,280 | INFO | __main__ | Retirando colunas com nulos acima de 66.77 %
2020-04-20 17:49:26,584 | INFO | __main__ | Nulos das linhas retiradas
2020-04-20 17:49:29,244 | INFO | __main__ | Selecionando apenas com classificacao TNM
2020-04-20 17:51:47,955 | INFO | __main__ | Utilizando encoder CatBooster: 138.58 s
2020-04-20 17:51:49,194 | INFO | __main__ | Utilizando Oversampling
2020-04-20 17:51:50,355 | INFO | __main__ | Dividindo base em treino e teste
2020-04-20 17:51:53,121 | INFO | __main__ | Shape da base: (951889, 53)
2020-04-20 17:52:06,137 | INFO | __main__ | Treinamento 1 | AUCROC: 93.63 % | Tempo: 2.78 s
2020-04-20 17:52:15,495 | INFO | __main__ | Treinamento 2 | AUCROC: 93.67 % | Tempo: 2.05 s
2020-04-20 17:52:24,999 | INFO | __main__ | Treinamento 3 | AUCROC: 93.69 % | Tempo: 2.06 s
2020-04-20 17:52:35,833 | INFO | __main__ | Treinamento 4 | AUCROC: 93.64 % | Tempo: 2.37 s
2020-04-20 17:52:46,498 | INFO | __main__ | Treinamento 5 | AUCROC: 93.7 % | Tempo: 2.33 s
2020-04-20 17:52:46,595 | INFO | __main__ | Tempo de treinamento total: 4.69 min
2020-04-20 17:52:46,598 | INFO | __main__ | Lendo base ALL
2020-04-20 17:54:03,667 | INFO | __main__ | Retirando colunas com nulos acima de 25.98 %
2020-04-20 17:54:07,621 | INFO | __main__ | Nulos das linhas retiradas
2020-04-20 18:03:30,220 | INFO | __main__ | Utilizando encoder CatBooster: 559.79 s
2020-04-20 18:03:35,230 | INFO | __main__ | Utilizando Oversampling
2020-04-20 18:03:40,032 | INFO | __main__ | Dividindo base em treino e teste
2020-04-20 18:03:49,841 | INFO | __main__ | Shape da base: (3589522, 43)
2020-04-20 18:39:58,407 | INFO | __main__ | Treinamento 1 | AUCROC: 90.21 % | Tempo: 198.29 s
2020-04-20 19:05:40,721 | INFO | __main__ | Treinamento 2 | AUCROC: 90.21 % | Tempo: 168.81 s
2020-04-20 19:30:31,270 | INFO | __main__ | Treinamento 3 | AUCROC: 90.22 % | Tempo: 166.59 s
2020-04-20 20:07:44,919 | INFO | __main__ | Treinamento 4 | AUCROC: 90.19 % | Tempo: 716.41 s
2020-04-20 20:39:44,572 | INFO | __main__ | Treinamento 5 | AUCROC: 90.21 % | Tempo: 202.96 s
2020-04-20 20:39:44,668 | INFO | __main__ | Tempo de treinamento total: 166.97 min
2020-04-20 20:39:44,675 | INFO | __main__ | Lendo base ALL
2020-04-20 20:40:55,120 | INFO | __main__ | Retirando colunas com nulos acima de 28.82 %
2020-04-20 20:40:58,638 | INFO | __main__ | Nulos das linhas retiradas
2020-04-20 20:50:24,556 | INFO | __main__ | Utilizando encoder CatBooster: 563.12 s
2020-04-20 20:50:29,585 | INFO | __main__ | Utilizando Oversampling
2020-04-20 20:50:34,396 | INFO | __main__ | Dividindo base em treino e teste
2020-04-20 20:50:44,043 | INFO | __main__ | Shape da base: (3589522, 43)
2020-04-20 20:50:54,704 | INFO | __main__ | Treinamento 1 | AUCROC: 88.62 % | Tempo: 1.68 s
2020-04-20 20:52:21,977 | INFO | __main__ | Treinamento 2 | AUCROC: 92.08 % | Tempo: 12.92 s
2020-04-20 20:53:54,295 | INFO | __main__ | Treinamento 3 | AUCROC: 92.09 % | Tempo: 13.6 s
2020-04-20 20:54:03,897 | INFO | __main__ | Treinamento 4 | AUCROC: 67.01 % | Tempo: 1.6 s
2020-04-20 20:54:13,618 | INFO | __main__ | Treinamento 5 | AUCROC: 67.06 % | Tempo: 1.68 s
2020-04-20 20:54:13,711 | INFO | __main__ | Tempo de treinamento total: 14.48 min
2020-04-20 20:54:13,718 | INFO | __main__ | Lendo base ALL
2020-04-20 20:55:23,445 | INFO | __main__ | Retirando colunas com nulos acima de 39.36 %
2020-04-20 20:55:26,939 | INFO | __main__ | Nulos das linhas retiradas
2020-04-20 20:55:30,018 | INFO | __main__ | Selecionando apenas com classificacao TNM
2020-04-20 21:03:41,509 | INFO | __main__ | Utilizando encoder CatBooster: 490.92 s
2020-04-20 21:03:45,939 | INFO | __main__ | Utilizando Oversampling
2020-04-20 21:03:50,904 | INFO | __main__ | Dividindo base em treino e teste
2020-04-20 21:03:59,398 | INFO | __main__ | Shape da base: (3164631, 43)
2020-04-20 21:53:04,928 | INFO | __main__ | Treinamento 1 | AUCROC: 92.68 % | Tempo: 263.06 s
2020-04-20 22:46:59,276 | INFO | __main__ | Treinamento 2 | AUCROC: 92.68 % | Tempo: 280.14 s
2020-04-20 23:33:35,503 | INFO | __main__ | Treinamento 3 | AUCROC: 92.66 % | Tempo: 222.83 s
2020-04-21 00:37:41,098 | INFO | __main__ | Treinamento 4 | AUCROC: 92.67 % | Tempo: 384.97 s
2020-04-21 01:27:02,596 | INFO | __main__ | Treinamento 5 | AUCROC: 92.66 % | Tempo: 238.82 s
2020-04-21 01:27:02,692 | INFO | __main__ | Tempo de treinamento total: 272.82 min
2020-04-21 01:27:02,698 | INFO | __main__ | Lendo base ALL
2020-04-21 01:28:17,847 | INFO | __main__ | Retirando colunas com nulos acima de 33.98 %
2020-04-21 01:28:21,431 | INFO | __main__ | Nulos das linhas retiradas
2020-04-21 01:28:24,329 | INFO | __main__ | Selecionando apenas com classificacao TNM
2020-04-21 01:37:34,330 | INFO | __main__ | Utilizando encoder CatBooster: 549.41 s
2020-04-21 01:37:38,656 | INFO | __main__ | Utilizando Oversampling
2020-04-21 01:37:44,050 | INFO | __main__ | Dividindo base em treino e teste
2020-04-21 01:37:53,143 | INFO | __main__ | Shape da base: (3164631, 43)
2020-04-21 01:38:03,247 | INFO | __main__ | Treinamento 1 | AUCROC: 57.37 % | Tempo: 1.78 s
2020-04-21 01:38:12,549 | INFO | __main__ | Treinamento 2 | AUCROC: 57.3 % | Tempo: 1.78 s
2020-04-21 01:38:21,863 | INFO | __main__ | Treinamento 3 | AUCROC: 57.33 % | Tempo: 1.76 s
2020-04-21 01:38:31,174 | INFO | __main__ | Treinamento 4 | AUCROC: 57.35 % | Tempo: 1.8 s
2020-04-21 01:38:40,680 | INFO | __main__ | Treinamento 5 | AUCROC: 57.33 % | Tempo: 1.77 s
2020-04-21 01:38:40,777 | INFO | __main__ | Tempo de treinamento total: 11.63 min
2020-04-21 01:38:40,783 | INFO | __main__ | Lendo base ALL
2020-04-21 01:39:56,962 | INFO | __main__ | Retirando colunas com nulos acima de 66.68 %
2020-04-21 01:40:00,746 | INFO | __main__ | Nulos das linhas retiradas
2020-04-21 01:42:39,061 | INFO | __main__ | Utilizando encoder CatBooster: 155.51 s
2020-04-21 01:42:40,335 | INFO | __main__ | Utilizando Oversampling
2020-04-21 01:42:41,754 | INFO | __main__ | Dividindo base em treino e teste
2020-04-21 01:42:44,762 | INFO | __main__ | Shape da base: (955161, 53)
2020-04-21 01:42:58,149 | INFO | __main__ | Treinamento 1 | AUCROC: 95.44 % | Tempo: 2.82 s
2020-04-21 01:43:10,632 | INFO | __main__ | Treinamento 2 | AUCROC: 95.44 % | Tempo: 2.66 s
2020-04-21 01:43:21,214 | INFO | __main__ | Treinamento 3 | AUCROC: 95.38 % | Tempo: 2.22 s
2020-04-21 01:43:33,186 | INFO | __main__ | Treinamento 4 | AUCROC: 95.42 % | Tempo: 2.54 s
2020-04-21 01:43:45,552 | INFO | __main__ | Treinamento 5 | AUCROC: 95.43 % | Tempo: 2.61 s
2020-04-21 01:43:45,649 | INFO | __main__ | Tempo de treinamento total: 5.08 min
2020-04-21 01:43:45,651 | INFO | __main__ | Lendo base ALL
2020-04-21 01:45:01,097 | INFO | __main__ | Retirando colunas com nulos acima de 44.66 %
2020-04-21 01:45:05,205 | INFO | __main__ | Nulos das linhas retiradas
2020-04-21 01:45:07,753 | INFO | __main__ | Selecionando apenas com classificacao TNM
2020-04-21 01:50:14,547 | INFO | __main__ | Utilizando encoder CatBooster: 306.5 s
2020-04-21 01:50:16,974 | INFO | __main__ | Utilizando Oversampling
2020-04-21 01:50:19,797 | INFO | __main__ | Dividindo base em treino e teste
2020-04-21 01:50:25,186 | INFO | __main__ | Shape da base: (1829126, 45)
2020-04-21 01:50:45,657 | INFO | __main__ | Treinamento 1 | AUCROC: 90.22 % | Tempo: 3.05 s
2020-04-21 01:51:01,904 | INFO | __main__ | Treinamento 2 | AUCROC: 90.21 % | Tempo: 2.5 s
2020-04-21 01:51:22,115 | INFO | __main__ | Treinamento 3 | AUCROC: 90.26 % | Tempo: 3.08 s
2020-04-21 01:51:36,750 | INFO | __main__ | Treinamento 4 | AUCROC: 90.42 % | Tempo: 2.28 s
2020-04-21 01:51:56,362 | INFO | __main__ | Treinamento 5 | AUCROC: 90.22 % | Tempo: 3.02 s
2020-04-21 01:51:56,457 | INFO | __main__ | Tempo de treinamento total: 8.18 min
2020-04-21 01:51:56,459 | INFO | __main__ | Lendo base ALL
2020-04-21 01:53:14,741 | INFO | __main__ | Retirando colunas com nulos acima de 43.3 %
2020-04-21 01:53:18,880 | INFO | __main__ | Nulos das linhas retiradas
2020-04-21 01:53:21,520 | INFO | __main__ | Selecionando apenas com classificacao TNM
2020-04-21 01:58:28,366 | INFO | __main__ | Utilizando encoder CatBooster: 306.54 s
2020-04-21 01:58:30,765 | INFO | __main__ | Utilizando Oversampling
2020-04-21 01:58:33,706 | INFO | __main__ | Dividindo base em treino e teste
2020-04-21 01:58:38,720 | INFO | __main__ | Shape da base: (1829126, 45)
2020-04-21 01:59:00,903 | INFO | __main__ | Treinamento 1 | AUCROC: 92.57 % | Tempo: 5.06 s
2020-04-21 01:59:29,224 | INFO | __main__ | Treinamento 2 | AUCROC: 92.58 % | Tempo: 6.4 s
2020-04-21 01:59:48,338 | INFO | __main__ | Treinamento 3 | AUCROC: 92.64 % | Tempo: 4.55 s
2020-04-21 02:00:14,930 | INFO | __main__ | Treinamento 4 | AUCROC: 92.56 % | Tempo: 6.22 s
2020-04-21 02:00:39,634 | INFO | __main__ | Treinamento 5 | AUCROC: 92.56 % | Tempo: 5.76 s
2020-04-21 02:00:39,761 | INFO | __main__ | Tempo de treinamento total: 8.72 min
2020-04-21 02:00:39,764 | INFO | __main__ | Lendo base ALL
2020-04-21 02:01:58,030 | INFO | __main__ | Retirando colunas com nulos acima de 64.53 %
2020-04-21 02:02:02,408 | INFO | __main__ | Nulos das linhas retiradas
2020-04-21 02:02:05,166 | INFO | __main__ | Selecionando apenas com classificacao TNM
2020-04-21 02:04:45,046 | INFO | __main__ | Utilizando encoder CatBooster: 159.74 s
2020-04-21 02:04:46,272 | INFO | __main__ | Utilizando Oversampling
2020-04-21 02:04:47,590 | INFO | __main__ | Dividindo base em treino e teste
2020-04-21 02:04:50,816 | INFO | __main__ | Shape da base: (951889, 53)
2020-04-21 02:04:54,530 | INFO | __main__ | Treinamento 1 | AUCROC: 91.26 % | Tempo: 0.62 s
2020-04-21 02:04:58,054 | INFO | __main__ | Treinamento 2 | AUCROC: 91.17 % | Tempo: 0.59 s
2020-04-21 02:05:01,551 | INFO | __main__ | Treinamento 3 | AUCROC: 91.06 % | Tempo: 0.59 s
2020-04-21 02:05:05,087 | INFO | __main__ | Treinamento 4 | AUCROC: 91.24 % | Tempo: 0.6 s
2020-04-21 02:05:08,563 | INFO | __main__ | Treinamento 5 | AUCROC: 91.12 % | Tempo: 0.6 s
2020-04-21 02:05:08,661 | INFO | __main__ | Tempo de treinamento total: 4.48 min
2020-04-21 02:05:08,663 | INFO | __main__ | Lendo base ALL
2020-04-21 02:06:27,406 | INFO | __main__ | Retirando colunas com nulos acima de 30.23 %
2020-04-21 02:06:31,515 | INFO | __main__ | Nulos das linhas retiradas
2020-04-21 02:17:10,809 | INFO | __main__ | Utilizando encoder CatBooster: 636.38 s
2020-04-21 02:17:15,668 | INFO | __main__ | Utilizando Oversampling
2020-04-21 02:17:21,203 | INFO | __main__ | Dividindo base em treino e teste
2020-04-21 02:17:32,074 | INFO | __main__ | Shape da base: (3589522, 43)
2020-04-21 02:18:03,972 | INFO | __main__ | Treinamento 1 | AUCROC: 90.97 % | Tempo: 3.59 s
2020-04-21 02:18:40,310 | INFO | __main__ | Treinamento 2 | AUCROC: 90.97 % | Tempo: 4.14 s
2020-04-21 02:19:13,580 | INFO | __main__ | Treinamento 3 | AUCROC: 90.97 % | Tempo: 3.84 s
2020-04-21 02:19:48,537 | INFO | __main__ | Treinamento 4 | AUCROC: 90.97 % | Tempo: 4.06 s
2020-04-21 02:20:19,649 | INFO | __main__ | Treinamento 5 | AUCROC: 90.95 % | Tempo: 3.6 s
2020-04-21 02:20:19,743 | INFO | __main__ | Tempo de treinamento total: 15.18 min
2020-04-21 02:20:19,749 | INFO | __main__ | Lendo base ALL
2020-04-21 02:21:38,193 | INFO | __main__ | Retirando colunas com nulos acima de 41.84 %
2020-04-21 02:21:41,853 | INFO | __main__ | Nulos das linhas retiradas
2020-04-21 02:29:40,877 | INFO | __main__ | Utilizando encoder CatBooster: 476.35 s
2020-04-21 02:29:44,554 | INFO | __main__ | Utilizando Oversampling
2020-04-21 02:29:48,746 | INFO | __main__ | Dividindo base em treino e teste
2020-04-21 02:29:55,709 | INFO | __main__ | Shape da base: (2546340, 44)
2020-04-21 02:30:13,669 | INFO | __main__ | Treinamento 1 | AUCROC: 89.85 % | Tempo: 5.96 s
2020-04-21 02:30:29,916 | INFO | __main__ | Treinamento 2 | AUCROC: 90.02 % | Tempo: 5.49 s
2020-04-21 02:30:47,957 | INFO | __main__ | Treinamento 3 | AUCROC: 89.69 % | Tempo: 6.37 s
2020-04-21 02:30:57,762 | INFO | __main__ | Treinamento 4 | AUCROC: 89.37 % | Tempo: 1.61 s
2020-04-21 02:31:05,750 | INFO | __main__ | Treinamento 5 | AUCROC: 87.51 % | Tempo: 1.24 s
2020-04-21 02:31:05,846 | INFO | __main__ | Tempo de treinamento total: 10.77 min
2020-04-21 02:31:05,848 | INFO | __main__ | Lendo base ALL
2020-04-21 02:32:23,314 | INFO | __main__ | Retirando colunas com nulos acima de 41.55 %
2020-04-21 02:32:27,468 | INFO | __main__ | Nulos das linhas retiradas
2020-04-21 02:32:30,288 | INFO | __main__ | Selecionando apenas com classificacao TNM
2020-04-21 02:39:53,542 | INFO | __main__ | Utilizando encoder CatBooster: 442.83 s
2020-04-21 02:39:56,927 | INFO | __main__ | Utilizando Oversampling
2020-04-21 02:40:00,962 | INFO | __main__ | Dividindo base em treino e teste
2020-04-21 02:40:07,830 | INFO | __main__ | Shape da base: (2400230, 44)
2020-04-21 02:46:09,057 | INFO | __main__ | Treinamento 1 | AUCROC: 90.54 % | Tempo: 74.4 s
2020-04-21 02:52:17,619 | INFO | __main__ | Treinamento 2 | AUCROC: 90.55 % | Tempo: 62.58 s
2020-04-21 02:55:56,318 | INFO | __main__ | Treinamento 3 | AUCROC: 90.5 % | Tempo: 56.58 s
2020-04-21 03:01:00,523 | INFO | __main__ | Treinamento 4 | AUCROC: 90.51 % | Tempo: 109.25 s
2020-04-21 03:07:10,713 | INFO | __main__ | Treinamento 5 | AUCROC: 90.52 % | Tempo: 152.34 s
2020-04-21 03:07:10,806 | INFO | __main__ | Tempo de treinamento total: 36.08 min
2020-04-21 03:07:10,811 | INFO | __main__ | Lendo base ALL
2020-04-21 03:08:27,370 | INFO | __main__ | Retirando colunas com nulos acima de 59.79 %
2020-04-21 03:08:31,559 | INFO | __main__ | Nulos das linhas retiradas
2020-04-21 03:11:42,516 | INFO | __main__ | Utilizando encoder CatBooster: 188.35 s
2020-04-21 03:11:44,004 | INFO | __main__ | Utilizando Oversampling
2020-04-21 03:11:45,717 | INFO | __main__ | Dividindo base em treino e teste
2020-04-21 03:11:49,058 | INFO | __main__ | Shape da base: (1188070, 52)
2020-04-21 03:11:58,570 | INFO | __main__ | Treinamento 1 | AUCROC: 93.75 % | Tempo: 2.18 s
2020-04-21 03:12:07,852 | INFO | __main__ | Treinamento 2 | AUCROC: 93.76 % | Tempo: 2.19 s
2020-04-21 03:12:22,423 | INFO | __main__ | Treinamento 3 | AUCROC: 93.87 % | Tempo: 3.6 s
2020-04-21 03:12:31,750 | INFO | __main__ | Treinamento 4 | AUCROC: 93.76 % | Tempo: 2.19 s
2020-04-21 03:12:46,542 | INFO | __main__ | Treinamento 5 | AUCROC: 93.87 % | Tempo: 3.65 s
2020-04-21 03:12:46,635 | INFO | __main__ | Tempo de treinamento total: 5.6 min
2020-04-21 03:12:51,928 | INFO | __main__ | Lendo base ALL
2020-04-21 03:14:07,963 | INFO | __main__ | Retirando colunas com nulos acima de 54.71 %
2020-04-21 03:14:12,083 | INFO | __main__ | Nulos das linhas retiradas
2020-04-21 03:14:14,603 | INFO | __main__ | Selecionando apenas com classificacao TNM
2020-04-21 03:18:02,830 | INFO | __main__ | Utilizando encoder CatBooster: 228.01 s
2020-04-21 03:18:04,637 | INFO | __main__ | Utilizando Oversampling
2020-04-21 03:18:06,508 | INFO | __main__ | Dividindo base em treino e teste
2020-04-21 03:18:10,307 | INFO | __main__ | Shape da base: (1391438, 48)
2020-04-21 03:45:47,003 | INFO | __main__ | Treinamento 1 | AUCROC: 93.5 % | Tempo: 497.47 s
2020-04-21 04:07:44,128 | INFO | __main__ | Treinamento 2 | AUCROC: 93.52 % | Tempo: 189.43 s
2020-04-21 04:29:48,170 | INFO | __main__ | Treinamento 3 | AUCROC: 93.51 % | Tempo: 190.35 s
2020-04-21 04:51:50,343 | INFO | __main__ | Treinamento 4 | AUCROC: 93.49 % | Tempo: 189.81 s
2020-04-21 05:06:31,336 | INFO | __main__ | Treinamento 5 | AUCROC: 92.99 % | Tempo: 125.11 s
2020-04-21 05:06:31,433 | INFO | __main__ | Tempo de treinamento total: 113.66 min
2020-04-21 05:06:36,983 | INFO | __main__ | Lendo base ALL
2020-04-21 05:07:49,484 | INFO | __main__ | Retirando colunas com nulos acima de 10.0 %
2020-04-21 05:07:52,840 | INFO | __main__ | Nulos das linhas retiradas
2020-04-21 05:21:26,162 | INFO | __main__ | Utilizando encoder CatBooster: 810.16 s
2020-04-21 05:21:34,376 | INFO | __main__ | Utilizando Oversampling
2020-04-21 05:21:44,329 | INFO | __main__ | Dividindo base em treino e teste
2020-04-21 05:22:04,245 | INFO | __main__ | Shape da base: (7017334, 34)
2020-04-21 08:06:18,407 | INFO | __main__ | Treinamento 1 | AUCROC: 86.73 % | Tempo: 611.74 s
2020-04-21 11:20:37,794 | INFO | __main__ | Treinamento 2 | AUCROC: 87.1 % | Tempo: 686.26 s
2020-04-21 14:29:08,977 | INFO | __main__ | Treinamento 3 | AUCROC: 86.99 % | Tempo: 664.39 s
2020-04-21 18:16:43,566 | INFO | __main__ | Treinamento 4 | AUCROC: 87.21 % | Tempo: 712.68 s
2020-04-21 22:41:04,463 | INFO | __main__ | Treinamento 5 | AUCROC: 87.58 % | Tempo: 824.39 s
2020-04-21 22:41:04,691 | INFO | __main__ | Tempo de treinamento total: 1054.46 min
2020-04-21 22:41:07,796 | INFO | __main__ | Lendo base ALL
2020-04-21 22:42:18,622 | INFO | __main__ | Retirando colunas com nulos acima de 46.31 %
2020-04-21 22:42:22,624 | INFO | __main__ | Nulos das linhas retiradas
2020-04-21 22:42:25,159 | INFO | __main__ | Selecionando apenas com classificacao TNM
2020-04-21 22:47:09,458 | INFO | __main__ | Utilizando encoder CatBooster: 284.02 s
2020-04-21 22:47:11,856 | INFO | __main__ | Utilizando Oversampling
2020-04-21 22:47:14,437 | INFO | __main__ | Dividindo base em treino e teste
2020-04-21 22:47:19,629 | INFO | __main__ | Shape da base: (1829126, 45)
2020-04-22 02:39:20,395 | INFO | __main__ | Treinamento 1 | AUCROC: 92.69 % | Tempo: 652.04 s
2020-04-22 06:27:35,024 | INFO | __main__ | Treinamento 2 | AUCROC: 92.67 % | Tempo: 1222.19 s
2020-04-22 10:36:07,615 | INFO | __main__ | Treinamento 3 | AUCROC: 92.68 % | Tempo: 654.44 s
2020-04-22 14:03:24,772 | INFO | __main__ | Treinamento 4 | AUCROC: 92.41 % | Tempo: 558.49 s
2020-04-22 17:49:10,927 | INFO | __main__ | Treinamento 5 | AUCROC: 92.68 % | Tempo: 773.74 s
2020-04-22 17:49:11,021 | INFO | __main__ | Tempo de treinamento total: 1148.05 min
2020-04-22 17:49:16,308 | INFO | __main__ | Lendo base ALL
2020-04-22 17:50:29,170 | INFO | __main__ | Retirando colunas com nulos acima de 10.0 %
2020-04-22 17:50:33,072 | INFO | __main__ | Nulos das linhas retiradas
2020-04-22 18:04:17,065 | INFO | __main__ | Utilizando encoder CatBooster: 821.28 s
2020-04-22 18:04:23,882 | INFO | __main__ | Utilizando Oversampling
2020-04-22 18:04:33,828 | INFO | __main__ | Dividindo base em treino e teste
2020-04-22 18:04:53,146 | INFO | __main__ | Shape da base: (7017334, 34)
